UHF Hamiltonian
Stoichiometry = H3Li, Charge = 0, Multiplicity = 1
3 Li    -3.172113     1.161728    -0.000775
1 H    -0.032673     0.730455    -0.001191
1 H    -1.597782     5.830768    -0.004460
1 H    -0.873035     6.953814    -0.061794
Basis set: sto-3g, Nbf: 8
Status: Converged = True
0  -8.90431
1  -8.96849
2  -8.97166
3  -8.97220
4  -8.97231
5  -8.97234
6  -8.97234
7  -8.97234
8  -8.97234
9  -8.97234
10  -8.97234
11  -8.97234
12  -8.97234
13  -8.97234
14  -8.97234
15  -8.97234
Origin used: (-2.4662719806849815, 2.171229411776975, -0.0073290903618848146)
=============
Dipole
=============
electronic (a.u.) -4.67312 -3.59527  0.02452
   nuclear (a.u.)  2.77780  3.97284 -0.02579
     total (a.u.) -1.89532  0.37757 -0.00127
Dipole moment magnitude
  1.93256 a.u
  4.91209 D
=============
Origins
=============
             center of mass: -2.466272 2.171229 -0.007329
